Vivado Simulator 2020.2
Copyright 1986-1999, 2001-2020 Xilinx, Inc. All Rights Reserved.
Running: C:/Xilinx/Vivado/2020.2/bin/unwrapped/win64.o/xelab.exe -wto b0e604eadec74771a23db2d7df67a240 --incr --debug typical --relax --mt 2 -L xil_defaultlib -L uvm -L unisims_ver -L unimacro_ver -L secureip --snapshot testbench_behav xil_defaultlib.testbench xil_defaultlib.glbl -log elaborate.log 
Using 2 slave threads.
Starting static elaboration
Pass Through NonSizing Optimizer
Completed static elaboration
Starting simulation data flow analysis
WARNING: [XSIM 43-4099] "C:/Users/brend/OneDrive/Documents/school/eecs570/EECS_570_final/EECS_570_final.srcs/Meeting1/controller.sv" Line 3. Module CONTROLLER_default doesn't have a timescale but at least one module in design has a timescale.
WARNING: [XSIM 43-4099] "C:/Users/brend/OneDrive/Documents/school/eecs570/EECS_570_final/EECS_570_final.srcs/Meeting1/node.sv" Line 2. Module NODE doesn't have a timescale but at least one module in design has a timescale.
WARNING: [XSIM 43-4099] "C:/Users/brend/OneDrive/Documents/school/eecs570/EECS_570_final/EECS_570_final.srcs/Meeting1/node.sv" Line 2. Module NODE(node_id=5'b01) doesn't have a timescale but at least one module in design has a timescale.
WARNING: [XSIM 43-4099] "C:/Users/brend/OneDrive/Documents/school/eecs570/EECS_570_final/EECS_570_final.srcs/Meeting1/node.sv" Line 2. Module NODE(node_id=5'b010) doesn't have a timescale but at least one module in design has a timescale.
WARNING: [XSIM 43-4099] "C:/Users/brend/OneDrive/Documents/school/eecs570/EECS_570_final/EECS_570_final.srcs/Meeting1/node.sv" Line 2. Module NODE(node_id=5'b011) doesn't have a timescale but at least one module in design has a timescale.
WARNING: [XSIM 43-4099] "C:/Users/brend/OneDrive/Documents/school/eecs570/EECS_570_final/EECS_570_final.srcs/Meeting1/node.sv" Line 2. Module NODE(node_id=5'b0100) doesn't have a timescale but at least one module in design has a timescale.
WARNING: [XSIM 43-4099] "C:/Users/brend/OneDrive/Documents/school/eecs570/EECS_570_final/EECS_570_final.srcs/Meeting1/node.sv" Line 2. Module NODE(node_id=5'b0101) doesn't have a timescale but at least one module in design has a timescale.
WARNING: [XSIM 43-4099] "C:/Users/brend/OneDrive/Documents/school/eecs570/EECS_570_final/EECS_570_final.srcs/Meeting1/node.sv" Line 2. Module NODE(node_id=5'b0110) doesn't have a timescale but at least one module in design has a timescale.
WARNING: [XSIM 43-4099] "C:/Users/brend/OneDrive/Documents/school/eecs570/EECS_570_final/EECS_570_final.srcs/Meeting1/node.sv" Line 2. Module NODE(node_id=5'b0111) doesn't have a timescale but at least one module in design has a timescale.
WARNING: [XSIM 43-4099] "C:/Users/brend/OneDrive/Documents/school/eecs570/EECS_570_final/EECS_570_final.srcs/Meeting1/node.sv" Line 2. Module NODE(node_id=5'b01000) doesn't have a timescale but at least one module in design has a timescale.
WARNING: [XSIM 43-4099] "C:/Users/brend/OneDrive/Documents/school/eecs570/EECS_570_final/EECS_570_final.srcs/Meeting1/node.sv" Line 2. Module NODE(node_id=5'b01001) doesn't have a timescale but at least one module in design has a timescale.
WARNING: [XSIM 43-4099] "C:/Users/brend/OneDrive/Documents/school/eecs570/EECS_570_final/EECS_570_final.srcs/Meeting1/node.sv" Line 2. Module NODE(node_id=5'b01010) doesn't have a timescale but at least one module in design has a timescale.
WARNING: [XSIM 43-4099] "C:/Users/brend/OneDrive/Documents/school/eecs570/EECS_570_final/EECS_570_final.srcs/Meeting1/node.sv" Line 2. Module NODE(node_id=5'b01011) doesn't have a timescale but at least one module in design has a timescale.
WARNING: [XSIM 43-4099] "C:/Users/brend/OneDrive/Documents/school/eecs570/EECS_570_final/EECS_570_final.srcs/Meeting1/node.sv" Line 2. Module NODE(node_id=5'b01100) doesn't have a timescale but at least one module in design has a timescale.
WARNING: [XSIM 43-4099] "C:/Users/brend/OneDrive/Documents/school/eecs570/EECS_570_final/EECS_570_final.srcs/Meeting1/node.sv" Line 2. Module NODE(node_id=5'b01101) doesn't have a timescale but at least one module in design has a timescale.
WARNING: [XSIM 43-4099] "C:/Users/brend/OneDrive/Documents/school/eecs570/EECS_570_final/EECS_570_final.srcs/Meeting1/node.sv" Line 2. Module NODE(node_id=5'b01110) doesn't have a timescale but at least one module in design has a timescale.
WARNING: [XSIM 43-4099] "C:/Users/brend/OneDrive/Documents/school/eecs570/EECS_570_final/EECS_570_final.srcs/Meeting1/node.sv" Line 2. Module NODE(node_id=5'b01111) doesn't have a timescale but at least one module in design has a timescale.
WARNING: [XSIM 43-4099] "C:/Users/brend/OneDrive/Documents/school/eecs570/EECS_570_final/EECS_570_final.srcs/Meeting1/node.sv" Line 2. Module NODE(node_id=5'b10000) doesn't have a timescale but at least one module in design has a timescale.
WARNING: [XSIM 43-4099] "C:/Users/brend/OneDrive/Documents/school/eecs570/EECS_570_final/EECS_570_final.srcs/Meeting1/node.sv" Line 2. Module NODE(node_id=5'b10001) doesn't have a timescale but at least one module in design has a timescale.
WARNING: [XSIM 43-4099] "C:/Users/brend/OneDrive/Documents/school/eecs570/EECS_570_final/EECS_570_final.srcs/Meeting1/node.sv" Line 2. Module NODE(node_id=5'b10010) doesn't have a timescale but at least one module in design has a timescale.
WARNING: [XSIM 43-4099] "C:/Users/brend/OneDrive/Documents/school/eecs570/EECS_570_final/EECS_570_final.srcs/Meeting1/node.sv" Line 2. Module NODE(node_id=5'b10011) doesn't have a timescale but at least one module in design has a timescale.
WARNING: [XSIM 43-4099] "C:/Users/brend/OneDrive/Documents/school/eecs570/EECS_570_final/EECS_570_final.srcs/Meeting1/node.sv" Line 2. Module NODE(node_id=5'b10100) doesn't have a timescale but at least one module in design has a timescale.
WARNING: [XSIM 43-4099] "C:/Users/brend/OneDrive/Documents/school/eecs570/EECS_570_final/EECS_570_final.srcs/Meeting1/node.sv" Line 2. Module NODE(node_id=5'b10101) doesn't have a timescale but at least one module in design has a timescale.
WARNING: [XSIM 43-4099] "C:/Users/brend/OneDrive/Documents/school/eecs570/EECS_570_final/EECS_570_final.srcs/Meeting1/node.sv" Line 2. Module NODE(node_id=5'b10110) doesn't have a timescale but at least one module in design has a timescale.
WARNING: [XSIM 43-4099] "C:/Users/brend/OneDrive/Documents/school/eecs570/EECS_570_final/EECS_570_final.srcs/Meeting1/node.sv" Line 2. Module NODE(node_id=5'b10111) doesn't have a timescale but at least one module in design has a timescale.
WARNING: [XSIM 43-4099] "C:/Users/brend/OneDrive/Documents/school/eecs570/EECS_570_final/EECS_570_final.srcs/Meeting1/node.sv" Line 2. Module NODE(node_id=5'b11000) doesn't have a timescale but at least one module in design has a timescale.
WARNING: [XSIM 43-4099] "C:/Users/brend/OneDrive/Documents/school/eecs570/EECS_570_final/EECS_570_final.srcs/Meeting1/node.sv" Line 2. Module NODE(node_id=5'b11001) doesn't have a timescale but at least one module in design has a timescale.
WARNING: [XSIM 43-4099] "C:/Users/brend/OneDrive/Documents/school/eecs570/EECS_570_final/EECS_570_final.srcs/Meeting1/node.sv" Line 2. Module NODE(node_id=5'b11010) doesn't have a timescale but at least one module in design has a timescale.
WARNING: [XSIM 43-4099] "C:/Users/brend/OneDrive/Documents/school/eecs570/EECS_570_final/EECS_570_final.srcs/Meeting1/node.sv" Line 2. Module NODE(node_id=5'b11011) doesn't have a timescale but at least one module in design has a timescale.
WARNING: [XSIM 43-4099] "C:/Users/brend/OneDrive/Documents/school/eecs570/EECS_570_final/EECS_570_final.srcs/Meeting1/node.sv" Line 2. Module NODE(node_id=5'b11100) doesn't have a timescale but at least one module in design has a timescale.
WARNING: [XSIM 43-4099] "C:/Users/brend/OneDrive/Documents/school/eecs570/EECS_570_final/EECS_570_final.srcs/Meeting1/node.sv" Line 2. Module NODE(node_id=5'b11101) doesn't have a timescale but at least one module in design has a timescale.
WARNING: [XSIM 43-4099] "C:/Users/brend/OneDrive/Documents/school/eecs570/EECS_570_final/EECS_570_final.srcs/Meeting1/node.sv" Line 2. Module NODE(node_id=5'b11110) doesn't have a timescale but at least one module in design has a timescale.
WARNING: [XSIM 43-4099] "C:/Users/brend/OneDrive/Documents/school/eecs570/EECS_570_final/EECS_570_final.srcs/Meeting1/node.sv" Line 2. Module NODE(node_id=5'b11111) doesn't have a timescale but at least one module in design has a timescale.
WARNING: [XSIM 43-4099] "C:/Users/brend/OneDrive/Documents/school/eecs570/EECS_570_final/EECS_570_final.srcs/Meeting1/node.sv" Line 2. Module NODE(layer_id=3'b01) doesn't have a timescale but at least one module in design has a timescale.
WARNING: [XSIM 43-4099] "C:/Users/brend/OneDrive/Documents/school/eecs570/EECS_570_final/EECS_570_final.srcs/Meeting1/node.sv" Line 2. Module NODE(node_id=5'b01,layer_id=3'b01) doesn't have a timescale but at least one module in design has a timescale.
WARNING: [XSIM 43-4099] "C:/Users/brend/OneDrive/Documents/school/eecs570/EECS_570_final/EECS_570_final.srcs/Meeting1/node.sv" Line 2. Module NODE(node_id=5'b010,layer_id=3'b01) doesn't have a timescale but at least one module in design has a timescale.
WARNING: [XSIM 43-4099] "C:/Users/brend/OneDrive/Documents/school/eecs570/EECS_570_final/EECS_570_final.srcs/Meeting1/node.sv" Line 2. Module NODE(node_id=5'b011,layer_id=3'b01) doesn't have a timescale but at least one module in design has a timescale.
WARNING: [XSIM 43-4099] "C:/Users/brend/OneDrive/Documents/school/eecs570/EECS_570_final/EECS_570_final.srcs/Meeting1/node.sv" Line 2. Module NODE(node_id=5'b0100,layer_id=3'b01) doesn't have a timescale but at least one module in design has a timescale.
WARNING: [XSIM 43-4099] "C:/Users/brend/OneDrive/Documents/school/eecs570/EECS_570_final/EECS_570_final.srcs/Meeting1/node.sv" Line 2. Module NODE(node_id=5'b0101,layer_id=3'b01) doesn't have a timescale but at least one module in design has a timescale.
WARNING: [XSIM 43-4099] "C:/Users/brend/OneDrive/Documents/school/eecs570/EECS_570_final/EECS_570_final.srcs/Meeting1/node.sv" Line 2. Module NODE(node_id=5'b0110,layer_id=3'b01) doesn't have a timescale but at least one module in design has a timescale.
WARNING: [XSIM 43-4099] "C:/Users/brend/OneDrive/Documents/school/eecs570/EECS_570_final/EECS_570_final.srcs/Meeting1/node.sv" Line 2. Module NODE(node_id=5'b0111,layer_id=3'b01) doesn't have a timescale but at least one module in design has a timescale.
WARNING: [XSIM 43-4099] "C:/Users/brend/OneDrive/Documents/school/eecs570/EECS_570_final/EECS_570_final.srcs/Meeting1/node.sv" Line 2. Module NODE(node_id=5'b01000,layer_id=3'b01) doesn't have a timescale but at least one module in design has a timescale.
WARNING: [XSIM 43-4099] "C:/Users/brend/OneDrive/Documents/school/eecs570/EECS_570_final/EECS_570_final.srcs/Meeting1/node.sv" Line 2. Module NODE(node_id=5'b01001,layer_id=3'b01) doesn't have a timescale but at least one module in design has a timescale.
WARNING: [XSIM 43-4099] "C:/Users/brend/OneDrive/Documents/school/eecs570/EECS_570_final/EECS_570_final.srcs/Meeting1/node.sv" Line 2. Module NODE(node_id=5'b01010,layer_id=3'b01) doesn't have a timescale but at least one module in design has a timescale.
WARNING: [XSIM 43-4099] "C:/Users/brend/OneDrive/Documents/school/eecs570/EECS_570_final/EECS_570_final.srcs/Meeting1/node.sv" Line 2. Module NODE(node_id=5'b01011,layer_id=3'b01) doesn't have a timescale but at least one module in design has a timescale.
WARNING: [XSIM 43-4099] "C:/Users/brend/OneDrive/Documents/school/eecs570/EECS_570_final/EECS_570_final.srcs/Meeting1/node.sv" Line 2. Module NODE(node_id=5'b01100,layer_id=3'b01) doesn't have a timescale but at least one module in design has a timescale.
WARNING: [XSIM 43-4099] "C:/Users/brend/OneDrive/Documents/school/eecs570/EECS_570_final/EECS_570_final.srcs/Meeting1/node.sv" Line 2. Module NODE(node_id=5'b01101,layer_id=3'b01) doesn't have a timescale but at least one module in design has a timescale.
WARNING: [XSIM 43-4099] "C:/Users/brend/OneDrive/Documents/school/eecs570/EECS_570_final/EECS_570_final.srcs/Meeting1/node.sv" Line 2. Module NODE(node_id=5'b01110,layer_id=3'b01) doesn't have a timescale but at least one module in design has a timescale.
WARNING: [XSIM 43-4099] "C:/Users/brend/OneDrive/Documents/school/eecs570/EECS_570_final/EECS_570_final.srcs/Meeting1/node.sv" Line 2. Module NODE(node_id=5'b01111,layer_id=3'b01) doesn't have a timescale but at least one module in design has a timescale.
WARNING: [XSIM 43-4099] "C:/Users/brend/OneDrive/Documents/school/eecs570/EECS_570_final/EECS_570_final.srcs/Meeting1/node.sv" Line 2. Module NODE(node_id=5'b10000,layer_id=3'b01) doesn't have a timescale but at least one module in design has a timescale.
WARNING: [XSIM 43-4099] "C:/Users/brend/OneDrive/Documents/school/eecs570/EECS_570_final/EECS_570_final.srcs/Meeting1/node.sv" Line 2. Module NODE(node_id=5'b10001,layer_id=3'b01) doesn't have a timescale but at least one module in design has a timescale.
WARNING: [XSIM 43-4099] "C:/Users/brend/OneDrive/Documents/school/eecs570/EECS_570_final/EECS_570_final.srcs/Meeting1/node.sv" Line 2. Module NODE(node_id=5'b10010,layer_id=3'b01) doesn't have a timescale but at least one module in design has a timescale.
WARNING: [XSIM 43-4099] "C:/Users/brend/OneDrive/Documents/school/eecs570/EECS_570_final/EECS_570_final.srcs/Meeting1/node.sv" Line 2. Module NODE(node_id=5'b10011,layer_id=3'b01) doesn't have a timescale but at least one module in design has a timescale.
WARNING: [XSIM 43-4099] "C:/Users/brend/OneDrive/Documents/school/eecs570/EECS_570_final/EECS_570_final.srcs/Meeting1/node.sv" Line 2. Module NODE(node_id=5'b10100,layer_id=3'b01) doesn't have a timescale but at least one module in design has a timescale.
WARNING: [XSIM 43-4099] "C:/Users/brend/OneDrive/Documents/school/eecs570/EECS_570_final/EECS_570_final.srcs/Meeting1/node.sv" Line 2. Module NODE(node_id=5'b10101,layer_id=3'b01) doesn't have a timescale but at least one module in design has a timescale.
WARNING: [XSIM 43-4099] "C:/Users/brend/OneDrive/Documents/school/eecs570/EECS_570_final/EECS_570_final.srcs/Meeting1/node.sv" Line 2. Module NODE(node_id=5'b10110,layer_id=3'b01) doesn't have a timescale but at least one module in design has a timescale.
WARNING: [XSIM 43-4099] "C:/Users/brend/OneDrive/Documents/school/eecs570/EECS_570_final/EECS_570_final.srcs/Meeting1/node.sv" Line 2. Module NODE(node_id=5'b10111,layer_id=3'b01) doesn't have a timescale but at least one module in design has a timescale.
WARNING: [XSIM 43-4099] "C:/Users/brend/OneDrive/Documents/school/eecs570/EECS_570_final/EECS_570_final.srcs/Meeting1/node.sv" Line 2. Module NODE(node_id=5'b11000,layer_id=3'b01) doesn't have a timescale but at least one module in design has a timescale.
WARNING: [XSIM 43-4099] "C:/Users/brend/OneDrive/Documents/school/eecs570/EECS_570_final/EECS_570_final.srcs/Meeting1/node.sv" Line 2. Module NODE(node_id=5'b11001,layer_id=3'b01) doesn't have a timescale but at least one module in design has a timescale.
WARNING: [XSIM 43-4099] "C:/Users/brend/OneDrive/Documents/school/eecs570/EECS_570_final/EECS_570_final.srcs/Meeting1/node.sv" Line 2. Module NODE(node_id=5'b11010,layer_id=3'b01) doesn't have a timescale but at least one module in design has a timescale.
WARNING: [XSIM 43-4099] "C:/Users/brend/OneDrive/Documents/school/eecs570/EECS_570_final/EECS_570_final.srcs/Meeting1/node.sv" Line 2. Module NODE(node_id=5'b11011,layer_id=3'b01) doesn't have a timescale but at least one module in design has a timescale.
WARNING: [XSIM 43-4099] "C:/Users/brend/OneDrive/Documents/school/eecs570/EECS_570_final/EECS_570_final.srcs/Meeting1/node.sv" Line 2. Module NODE(node_id=5'b11100,layer_id=3'b01) doesn't have a timescale but at least one module in design has a timescale.
WARNING: [XSIM 43-4099] "C:/Users/brend/OneDrive/Documents/school/eecs570/EECS_570_final/EECS_570_final.srcs/Meeting1/node.sv" Line 2. Module NODE(node_id=5'b11101,layer_id=3'b01) doesn't have a timescale but at least one module in design has a timescale.
WARNING: [XSIM 43-4099] "C:/Users/brend/OneDrive/Documents/school/eecs570/EECS_570_final/EECS_570_final.srcs/Meeting1/node.sv" Line 2. Module NODE(node_id=5'b11110,layer_id=3'b01) doesn't have a timescale but at least one module in design has a timescale.
WARNING: [XSIM 43-4099] "C:/Users/brend/OneDrive/Documents/school/eecs570/EECS_570_final/EECS_570_final.srcs/Meeting1/node.sv" Line 2. Module NODE(node_id=5'b11111,layer_id=3'b01) doesn't have a timescale but at least one module in design has a timescale.
WARNING: [XSIM 43-4099] "C:/Users/brend/OneDrive/Documents/school/eecs570/EECS_570_final/EECS_570_final.srcs/Meeting1/node.sv" Line 2. Module NODE(layer_id=3'b010) doesn't have a timescale but at least one module in design has a timescale.
WARNING: [XSIM 43-4099] "C:/Users/brend/OneDrive/Documents/school/eecs570/EECS_570_final/EECS_570_final.srcs/Meeting1/node.sv" Line 2. Module NODE(node_id=5'b01,layer_id=3'b010) doesn't have a timescale but at least one module in design has a timescale.
WARNING: [XSIM 43-4099] "C:/Users/brend/OneDrive/Documents/school/eecs570/EECS_570_final/EECS_570_final.srcs/Meeting1/node.sv" Line 2. Module NODE(node_id=5'b010,layer_id=3'b010) doesn't have a timescale but at least one module in design has a timescale.
WARNING: [XSIM 43-4099] "C:/Users/brend/OneDrive/Documents/school/eecs570/EECS_570_final/EECS_570_final.srcs/Meeting1/node.sv" Line 2. Module NODE(node_id=5'b011,layer_id=3'b010) doesn't have a timescale but at least one module in design has a timescale.
WARNING: [XSIM 43-4099] "C:/Users/brend/OneDrive/Documents/school/eecs570/EECS_570_final/EECS_570_final.srcs/Meeting1/node.sv" Line 2. Module NODE(node_id=5'b0100,layer_id=3'b010) doesn't have a timescale but at least one module in design has a timescale.
WARNING: [XSIM 43-4099] "C:/Users/brend/OneDrive/Documents/school/eecs570/EECS_570_final/EECS_570_final.srcs/Meeting1/node.sv" Line 2. Module NODE(node_id=5'b0101,layer_id=3'b010) doesn't have a timescale but at least one module in design has a timescale.
WARNING: [XSIM 43-4099] "C:/Users/brend/OneDrive/Documents/school/eecs570/EECS_570_final/EECS_570_final.srcs/Meeting1/node.sv" Line 2. Module NODE(node_id=5'b0110,layer_id=3'b010) doesn't have a timescale but at least one module in design has a timescale.
WARNING: [XSIM 43-4099] "C:/Users/brend/OneDrive/Documents/school/eecs570/EECS_570_final/EECS_570_final.srcs/Meeting1/node.sv" Line 2. Module NODE(node_id=5'b0111,layer_id=3'b010) doesn't have a timescale but at least one module in design has a timescale.
WARNING: [XSIM 43-4099] "C:/Users/brend/OneDrive/Documents/school/eecs570/EECS_570_final/EECS_570_final.srcs/Meeting1/node.sv" Line 2. Module NODE(node_id=5'b01000,layer_id=3'b010) doesn't have a timescale but at least one module in design has a timescale.
WARNING: [XSIM 43-4099] "C:/Users/brend/OneDrive/Documents/school/eecs570/EECS_570_final/EECS_570_final.srcs/Meeting1/node.sv" Line 2. Module NODE(node_id=5'b01001,layer_id=3'b010) doesn't have a timescale but at least one module in design has a timescale.
WARNING: [XSIM 43-4099] "C:/Users/brend/OneDrive/Documents/school/eecs570/EECS_570_final/EECS_570_final.srcs/Meeting1/node.sv" Line 2. Module NODE(node_id=5'b01010,layer_id=3'b010) doesn't have a timescale but at least one module in design has a timescale.
WARNING: [XSIM 43-4099] "C:/Users/brend/OneDrive/Documents/school/eecs570/EECS_570_final/EECS_570_final.srcs/Meeting1/node.sv" Line 2. Module NODE(node_id=5'b01011,layer_id=3'b010) doesn't have a timescale but at least one module in design has a timescale.
WARNING: [XSIM 43-4099] "C:/Users/brend/OneDrive/Documents/school/eecs570/EECS_570_final/EECS_570_final.srcs/Meeting1/node.sv" Line 2. Module NODE(node_id=5'b01100,layer_id=3'b010) doesn't have a timescale but at least one module in design has a timescale.
WARNING: [XSIM 43-4099] "C:/Users/brend/OneDrive/Documents/school/eecs570/EECS_570_final/EECS_570_final.srcs/Meeting1/node.sv" Line 2. Module NODE(node_id=5'b01101,layer_id=3'b010) doesn't have a timescale but at least one module in design has a timescale.
WARNING: [XSIM 43-4099] "C:/Users/brend/OneDrive/Documents/school/eecs570/EECS_570_final/EECS_570_final.srcs/Meeting1/node.sv" Line 2. Module NODE(node_id=5'b01110,layer_id=3'b010) doesn't have a timescale but at least one module in design has a timescale.
WARNING: [XSIM 43-4099] "C:/Users/brend/OneDrive/Documents/school/eecs570/EECS_570_final/EECS_570_final.srcs/Meeting1/node.sv" Line 2. Module NODE(node_id=5'b01111,layer_id=3'b010) doesn't have a timescale but at least one module in design has a timescale.
WARNING: [XSIM 43-4099] "C:/Users/brend/OneDrive/Documents/school/eecs570/EECS_570_final/EECS_570_final.srcs/Meeting1/node.sv" Line 2. Module NODE(node_id=5'b10000,layer_id=3'b010) doesn't have a timescale but at least one module in design has a timescale.
WARNING: [XSIM 43-4099] "C:/Users/brend/OneDrive/Documents/school/eecs570/EECS_570_final/EECS_570_final.srcs/Meeting1/node.sv" Line 2. Module NODE(node_id=5'b10001,layer_id=3'b010) doesn't have a timescale but at least one module in design has a timescale.
WARNING: [XSIM 43-4099] "C:/Users/brend/OneDrive/Documents/school/eecs570/EECS_570_final/EECS_570_final.srcs/Meeting1/node.sv" Line 2. Module NODE(node_id=5'b10010,layer_id=3'b010) doesn't have a timescale but at least one module in design has a timescale.
WARNING: [XSIM 43-4099] "C:/Users/brend/OneDrive/Documents/school/eecs570/EECS_570_final/EECS_570_final.srcs/Meeting1/node.sv" Line 2. Module NODE(node_id=5'b10011,layer_id=3'b010) doesn't have a timescale but at least one module in design has a timescale.
WARNING: [XSIM 43-4099] "C:/Users/brend/OneDrive/Documents/school/eecs570/EECS_570_final/EECS_570_final.srcs/Meeting1/node.sv" Line 2. Module NODE(node_id=5'b10100,layer_id=3'b010) doesn't have a timescale but at least one module in design has a timescale.
WARNING: [XSIM 43-4099] "C:/Users/brend/OneDrive/Documents/school/eecs570/EECS_570_final/EECS_570_final.srcs/Meeting1/node.sv" Line 2. Module NODE(node_id=5'b10101,layer_id=3'b010) doesn't have a timescale but at least one module in design has a timescale.
WARNING: [XSIM 43-4099] "C:/Users/brend/OneDrive/Documents/school/eecs570/EECS_570_final/EECS_570_final.srcs/Meeting1/node.sv" Line 2. Module NODE(node_id=5'b10110,layer_id=3'b010) doesn't have a timescale but at least one module in design has a timescale.
WARNING: [XSIM 43-4099] "C:/Users/brend/OneDrive/Documents/school/eecs570/EECS_570_final/EECS_570_final.srcs/Meeting1/node.sv" Line 2. Module NODE(node_id=5'b10111,layer_id=3'b010) doesn't have a timescale but at least one module in design has a timescale.
WARNING: [XSIM 43-4099] "C:/Users/brend/OneDrive/Documents/school/eecs570/EECS_570_final/EECS_570_final.srcs/Meeting1/node.sv" Line 2. Module NODE(node_id=5'b11000,layer_id=3'b010) doesn't have a timescale but at least one module in design has a timescale.
WARNING: [XSIM 43-4099] "C:/Users/brend/OneDrive/Documents/school/eecs570/EECS_570_final/EECS_570_final.srcs/Meeting1/node.sv" Line 2. Module NODE(node_id=5'b11001,layer_id=3'b010) doesn't have a timescale but at least one module in design has a timescale.
WARNING: [XSIM 43-4099] "C:/Users/brend/OneDrive/Documents/school/eecs570/EECS_570_final/EECS_570_final.srcs/Meeting1/node.sv" Line 2. Module NODE(node_id=5'b11010,layer_id=3'b010) doesn't have a timescale but at least one module in design has a timescale.
WARNING: [XSIM 43-4099] "C:/Users/brend/OneDrive/Documents/school/eecs570/EECS_570_final/EECS_570_final.srcs/Meeting1/node.sv" Line 2. Module NODE(node_id=5'b11011,layer_id=3'b010) doesn't have a timescale but at least one module in design has a timescale.
WARNING: [XSIM 43-4099] "C:/Users/brend/OneDrive/Documents/school/eecs570/EECS_570_final/EECS_570_final.srcs/Meeting1/node.sv" Line 2. Module NODE(node_id=5'b11100,layer_id=3'b010) doesn't have a timescale but at least one module in design has a timescale.
WARNING: [XSIM 43-4099] "C:/Users/brend/OneDrive/Documents/school/eecs570/EECS_570_final/EECS_570_final.srcs/Meeting1/node.sv" Line 2. Module NODE(node_id=5'b11101,layer_id=3'b010) doesn't have a timescale but at least one module in design has a timescale.
WARNING: [XSIM 43-4099] "C:/Users/brend/OneDrive/Documents/school/eecs570/EECS_570_final/EECS_570_final.srcs/Meeting1/node.sv" Line 2. Module NODE(node_id=5'b11110,layer_id=3'b010) doesn't have a timescale but at least one module in design has a timescale.
WARNING: [XSIM 43-4099] "C:/Users/brend/OneDrive/Documents/school/eecs570/EECS_570_final/EECS_570_final.srcs/Meeting1/node.sv" Line 2. Module NODE(node_id=5'b11111,layer_id=3'b010) doesn't have a timescale but at least one module in design has a timescale.
WARNING: [XSIM 43-4099] "C:/Users/brend/OneDrive/Documents/school/eecs570/EECS_570_final/EECS_570_final.srcs/Meeting1/node.sv" Line 2. Module NODE(layer_id=3'b011) doesn't have a timescale but at least one module in design has a timescale.
WARNING: [XSIM 43-4099] "C:/Users/brend/OneDrive/Documents/school/eecs570/EECS_570_final/EECS_570_final.srcs/Meeting1/node.sv" Line 2. Module NODE(node_id=5'b01,layer_id=3'b011) doesn't have a timescale but at least one module in design has a timescale.
WARNING: [XSIM 43-4099] "C:/Users/brend/OneDrive/Documents/school/eecs570/EECS_570_final/EECS_570_final.srcs/Meeting1/node.sv" Line 2. Module NODE(node_id=5'b010,layer_id=3'b011) doesn't have a timescale but at least one module in design has a timescale.
INFO: [Common 17-14] Message 'XSIM 43-4099' appears 100 times and further instances of the messages will be disabled. Use the Tcl command set_msg_config to change the current settings.
Completed simulation data flow analysis
Time Resolution for simulation is 1ps
Compiling package xil_defaultlib.$unit_controller_sv
Compiling module xil_defaultlib.wand_sel(WIDTH=32)
Compiling module xil_defaultlib.priority_selector(REQS=1,WIDTH=3...
Compiling module xil_defaultlib.ROUTER_default
Compiling module xil_defaultlib.NODE
Compiling module xil_defaultlib.NODE(node_id=5'b01)
Compiling module xil_defaultlib.NODE(node_id=5'b010)
Compiling module xil_defaultlib.NODE(node_id=5'b011)
Compiling module xil_defaultlib.NODE(node_id=5'b0100)
Compiling module xil_defaultlib.NODE(node_id=5'b0101)
Compiling module xil_defaultlib.NODE(node_id=5'b0110)
Compiling module xil_defaultlib.NODE(node_id=5'b0111)
Compiling module xil_defaultlib.NODE(node_id=5'b01000)
Compiling module xil_defaultlib.NODE(node_id=5'b01001)
Compiling module xil_defaultlib.NODE(node_id=5'b01010)
Compiling module xil_defaultlib.NODE(node_id=5'b01011)
Compiling module xil_defaultlib.NODE(node_id=5'b01100)
Compiling module xil_defaultlib.NODE(node_id=5'b01101)
Compiling module xil_defaultlib.NODE(node_id=5'b01110)
Compiling module xil_defaultlib.NODE(node_id=5'b01111)
Compiling module xil_defaultlib.NODE(node_id=5'b10000)
Compiling module xil_defaultlib.NODE(node_id=5'b10001)
Compiling module xil_defaultlib.NODE(node_id=5'b10010)
Compiling module xil_defaultlib.NODE(node_id=5'b10011)
Compiling module xil_defaultlib.NODE(node_id=5'b10100)
Compiling module xil_defaultlib.NODE(node_id=5'b10101)
Compiling module xil_defaultlib.NODE(node_id=5'b10110)
Compiling module xil_defaultlib.NODE(node_id=5'b10111)
Compiling module xil_defaultlib.NODE(node_id=5'b11000)
Compiling module xil_defaultlib.NODE(node_id=5'b11001)
Compiling module xil_defaultlib.NODE(node_id=5'b11010)
Compiling module xil_defaultlib.NODE(node_id=5'b11011)
Compiling module xil_defaultlib.NODE(node_id=5'b11100)
Compiling module xil_defaultlib.NODE(node_id=5'b11101)
Compiling module xil_defaultlib.NODE(node_id=5'b11110)
Compiling module xil_defaultlib.NODE(node_id=5'b11111)
Compiling module xil_defaultlib.ROUTER(layer_id=3'b01)
Compiling module xil_defaultlib.NODE(layer_id=3'b01)
Compiling module xil_defaultlib.NODE(node_id=5'b01,layer_id=3'b0...
Compiling module xil_defaultlib.NODE(node_id=5'b010,layer_id=3'b...
Compiling module xil_defaultlib.NODE(node_id=5'b011,layer_id=3'b...
Compiling module xil_defaultlib.NODE(node_id=5'b0100,layer_id=3'...
Compiling module xil_defaultlib.NODE(node_id=5'b0101,layer_id=3'...
Compiling module xil_defaultlib.NODE(node_id=5'b0110,layer_id=3'...
Compiling module xil_defaultlib.NODE(node_id=5'b0111,layer_id=3'...
Compiling module xil_defaultlib.NODE(node_id=5'b01000,layer_id=3...
Compiling module xil_defaultlib.NODE(node_id=5'b01001,layer_id=3...
Compiling module xil_defaultlib.NODE(node_id=5'b01010,layer_id=3...
Compiling module xil_defaultlib.NODE(node_id=5'b01011,layer_id=3...
Compiling module xil_defaultlib.NODE(node_id=5'b01100,layer_id=3...
Compiling module xil_defaultlib.NODE(node_id=5'b01101,layer_id=3...
Compiling module xil_defaultlib.NODE(node_id=5'b01110,layer_id=3...
Compiling module xil_defaultlib.NODE(node_id=5'b01111,layer_id=3...
Compiling module xil_defaultlib.NODE(node_id=5'b10000,layer_id=3...
Compiling module xil_defaultlib.NODE(node_id=5'b10001,layer_id=3...
Compiling module xil_defaultlib.NODE(node_id=5'b10010,layer_id=3...
Compiling module xil_defaultlib.NODE(node_id=5'b10011,layer_id=3...
Compiling module xil_defaultlib.NODE(node_id=5'b10100,layer_id=3...
Compiling module xil_defaultlib.NODE(node_id=5'b10101,layer_id=3...
Compiling module xil_defaultlib.NODE(node_id=5'b10110,layer_id=3...
Compiling module xil_defaultlib.NODE(node_id=5'b10111,layer_id=3...
Compiling module xil_defaultlib.NODE(node_id=5'b11000,layer_id=3...
Compiling module xil_defaultlib.NODE(node_id=5'b11001,layer_id=3...
Compiling module xil_defaultlib.NODE(node_id=5'b11010,layer_id=3...
Compiling module xil_defaultlib.NODE(node_id=5'b11011,layer_id=3...
Compiling module xil_defaultlib.NODE(node_id=5'b11100,layer_id=3...
Compiling module xil_defaultlib.NODE(node_id=5'b11101,layer_id=3...
Compiling module xil_defaultlib.NODE(node_id=5'b11110,layer_id=3...
Compiling module xil_defaultlib.NODE(node_id=5'b11111,layer_id=3...
Compiling module xil_defaultlib.ROUTER(layer_id=3'b010)
Compiling module xil_defaultlib.NODE(layer_id=3'b010)
Compiling module xil_defaultlib.NODE(node_id=5'b01,layer_id=3'b0...
Compiling module xil_defaultlib.NODE(node_id=5'b010,layer_id=3'b...
Compiling module xil_defaultlib.NODE(node_id=5'b011,layer_id=3'b...
Compiling module xil_defaultlib.NODE(node_id=5'b0100,layer_id=3'...
Compiling module xil_defaultlib.NODE(node_id=5'b0101,layer_id=3'...
Compiling module xil_defaultlib.NODE(node_id=5'b0110,layer_id=3'...
Compiling module xil_defaultlib.NODE(node_id=5'b0111,layer_id=3'...
Compiling module xil_defaultlib.NODE(node_id=5'b01000,layer_id=3...
Compiling module xil_defaultlib.NODE(node_id=5'b01001,layer_id=3...
Compiling module xil_defaultlib.NODE(node_id=5'b01010,layer_id=3...
Compiling module xil_defaultlib.NODE(node_id=5'b01011,layer_id=3...
Compiling module xil_defaultlib.NODE(node_id=5'b01100,layer_id=3...
Compiling module xil_defaultlib.NODE(node_id=5'b01101,layer_id=3...
Compiling module xil_defaultlib.NODE(node_id=5'b01110,layer_id=3...
Compiling module xil_defaultlib.NODE(node_id=5'b01111,layer_id=3...
Compiling module xil_defaultlib.NODE(node_id=5'b10000,layer_id=3...
Compiling module xil_defaultlib.NODE(node_id=5'b10001,layer_id=3...
Compiling module xil_defaultlib.NODE(node_id=5'b10010,layer_id=3...
Compiling module xil_defaultlib.NODE(node_id=5'b10011,layer_id=3...
Compiling module xil_defaultlib.NODE(node_id=5'b10100,layer_id=3...
Compiling module xil_defaultlib.NODE(node_id=5'b10101,layer_id=3...
Compiling module xil_defaultlib.NODE(node_id=5'b10110,layer_id=3...
Compiling module xil_defaultlib.NODE(node_id=5'b10111,layer_id=3...
Compiling module xil_defaultlib.NODE(node_id=5'b11000,layer_id=3...
Compiling module xil_defaultlib.NODE(node_id=5'b11001,layer_id=3...
Compiling module xil_defaultlib.NODE(node_id=5'b11010,layer_id=3...
Compiling module xil_defaultlib.NODE(node_id=5'b11011,layer_id=3...
Compiling module xil_defaultlib.NODE(node_id=5'b11100,layer_id=3...
Compiling module xil_defaultlib.NODE(node_id=5'b11101,layer_id=3...
Compiling module xil_defaultlib.NODE(node_id=5'b11110,layer_id=3...
Compiling module xil_defaultlib.NODE(node_id=5'b11111,layer_id=3...
Compiling module xil_defaultlib.ROUTER(layer_id=3'b011)
Compiling module xil_defaultlib.NODE(layer_id=3'b011)
Compiling module xil_defaultlib.NODE(node_id=5'b01,layer_id=3'b0...
Compiling module xil_defaultlib.NODE(node_id=5'b010,layer_id=3'b...
Compiling module xil_defaultlib.NODE(node_id=5'b011,layer_id=3'b...
Compiling module xil_defaultlib.NODE(node_id=5'b0100,layer_id=3'...
Compiling module xil_defaultlib.NODE(node_id=5'b0101,layer_id=3'...
Compiling module xil_defaultlib.NODE(node_id=5'b0110,layer_id=3'...
Compiling module xil_defaultlib.NODE(node_id=5'b0111,layer_id=3'...
Compiling module xil_defaultlib.NODE(node_id=5'b01000,layer_id=3...
Compiling module xil_defaultlib.NODE(node_id=5'b01001,layer_id=3...
Compiling module xil_defaultlib.NODE(node_id=5'b01010,layer_id=3...
Compiling module xil_defaultlib.NODE(node_id=5'b01011,layer_id=3...
Compiling module xil_defaultlib.NODE(node_id=5'b01100,layer_id=3...
Compiling module xil_defaultlib.NODE(node_id=5'b01101,layer_id=3...
Compiling module xil_defaultlib.NODE(node_id=5'b01110,layer_id=3...
Compiling module xil_defaultlib.NODE(node_id=5'b01111,layer_id=3...
Compiling module xil_defaultlib.NODE(node_id=5'b10000,layer_id=3...
Compiling module xil_defaultlib.NODE(node_id=5'b10001,layer_id=3...
Compiling module xil_defaultlib.NODE(node_id=5'b10010,layer_id=3...
Compiling module xil_defaultlib.NODE(node_id=5'b10011,layer_id=3...
Compiling module xil_defaultlib.NODE(node_id=5'b10100,layer_id=3...
Compiling module xil_defaultlib.NODE(node_id=5'b10101,layer_id=3...
Compiling module xil_defaultlib.NODE(node_id=5'b10110,layer_id=3...
Compiling module xil_defaultlib.NODE(node_id=5'b10111,layer_id=3...
Compiling module xil_defaultlib.NODE(node_id=5'b11000,layer_id=3...
Compiling module xil_defaultlib.NODE(node_id=5'b11001,layer_id=3...
Compiling module xil_defaultlib.NODE(node_id=5'b11010,layer_id=3...
Compiling module xil_defaultlib.NODE(node_id=5'b11011,layer_id=3...
Compiling module xil_defaultlib.NODE(node_id=5'b11100,layer_id=3...
Compiling module xil_defaultlib.NODE(node_id=5'b11101,layer_id=3...
Compiling module xil_defaultlib.NODE(node_id=5'b11110,layer_id=3...
Compiling module xil_defaultlib.NODE(node_id=5'b11111,layer_id=3...
Compiling module xil_defaultlib.ROUTER(layer_id=3'b100)
Compiling module xil_defaultlib.NODE(layer_id=3'b100)
Compiling module xil_defaultlib.NODE(node_id=5'b01,layer_id=3'b1...
Compiling module xil_defaultlib.NODE(node_id=5'b010,layer_id=3'b...
Compiling module xil_defaultlib.NODE(node_id=5'b011,layer_id=3'b...
Compiling module xil_defaultlib.NODE(node_id=5'b0100,layer_id=3'...
Compiling module xil_defaultlib.NODE(node_id=5'b0101,layer_id=3'...
Compiling module xil_defaultlib.NODE(node_id=5'b0110,layer_id=3'...
Compiling module xil_defaultlib.NODE(node_id=5'b0111,layer_id=3'...
Compiling module xil_defaultlib.NODE(node_id=5'b01000,layer_id=3...
Compiling module xil_defaultlib.NODE(node_id=5'b01001,layer_id=3...
Compiling module xil_defaultlib.NODE(node_id=5'b01010,layer_id=3...
Compiling module xil_defaultlib.NODE(node_id=5'b01011,layer_id=3...
Compiling module xil_defaultlib.NODE(node_id=5'b01100,layer_id=3...
Compiling module xil_defaultlib.NODE(node_id=5'b01101,layer_id=3...
Compiling module xil_defaultlib.NODE(node_id=5'b01110,layer_id=3...
Compiling module xil_defaultlib.NODE(node_id=5'b01111,layer_id=3...
Compiling module xil_defaultlib.NODE(node_id=5'b10000,layer_id=3...
Compiling module xil_defaultlib.NODE(node_id=5'b10001,layer_id=3...
Compiling module xil_defaultlib.NODE(node_id=5'b10010,layer_id=3...
Compiling module xil_defaultlib.NODE(node_id=5'b10011,layer_id=3...
Compiling module xil_defaultlib.NODE(node_id=5'b10100,layer_id=3...
Compiling module xil_defaultlib.NODE(node_id=5'b10101,layer_id=3...
Compiling module xil_defaultlib.NODE(node_id=5'b10110,layer_id=3...
Compiling module xil_defaultlib.NODE(node_id=5'b10111,layer_id=3...
Compiling module xil_defaultlib.NODE(node_id=5'b11000,layer_id=3...
Compiling module xil_defaultlib.NODE(node_id=5'b11001,layer_id=3...
Compiling module xil_defaultlib.NODE(node_id=5'b11010,layer_id=3...
Compiling module xil_defaultlib.NODE(node_id=5'b11011,layer_id=3...
Compiling module xil_defaultlib.NODE(node_id=5'b11100,layer_id=3...
Compiling module xil_defaultlib.NODE(node_id=5'b11101,layer_id=3...
Compiling module xil_defaultlib.NODE(node_id=5'b11110,layer_id=3...
Compiling module xil_defaultlib.NODE(node_id=5'b11111,layer_id=3...
Compiling module xil_defaultlib.ROUTER(layer_id=3'b101)
Compiling module xil_defaultlib.NODE(layer_id=3'b101)
Compiling module xil_defaultlib.NODE(node_id=5'b01,layer_id=3'b1...
Compiling module xil_defaultlib.NODE(node_id=5'b010,layer_id=3'b...
Compiling module xil_defaultlib.NODE(node_id=5'b011,layer_id=3'b...
Compiling module xil_defaultlib.NODE(node_id=5'b0100,layer_id=3'...
Compiling module xil_defaultlib.NODE(node_id=5'b0101,layer_id=3'...
Compiling module xil_defaultlib.NODE(node_id=5'b0110,layer_id=3'...
Compiling module xil_defaultlib.NODE(node_id=5'b0111,layer_id=3'...
Compiling module xil_defaultlib.NODE(node_id=5'b01000,layer_id=3...
Compiling module xil_defaultlib.NODE(node_id=5'b01001,layer_id=3...
Compiling module xil_defaultlib.NODE(node_id=5'b01010,layer_id=3...
Compiling module xil_defaultlib.NODE(node_id=5'b01011,layer_id=3...
Compiling module xil_defaultlib.NODE(node_id=5'b01100,layer_id=3...
Compiling module xil_defaultlib.NODE(node_id=5'b01101,layer_id=3...
Compiling module xil_defaultlib.NODE(node_id=5'b01110,layer_id=3...
Compiling module xil_defaultlib.NODE(node_id=5'b01111,layer_id=3...
Compiling module xil_defaultlib.NODE(node_id=5'b10000,layer_id=3...
Compiling module xil_defaultlib.NODE(node_id=5'b10001,layer_id=3...
Compiling module xil_defaultlib.NODE(node_id=5'b10010,layer_id=3...
Compiling module xil_defaultlib.NODE(node_id=5'b10011,layer_id=3...
Compiling module xil_defaultlib.NODE(node_id=5'b10100,layer_id=3...
Compiling module xil_defaultlib.NODE(node_id=5'b10101,layer_id=3...
Compiling module xil_defaultlib.NODE(node_id=5'b10110,layer_id=3...
Compiling module xil_defaultlib.NODE(node_id=5'b10111,layer_id=3...
Compiling module xil_defaultlib.NODE(node_id=5'b11000,layer_id=3...
Compiling module xil_defaultlib.NODE(node_id=5'b11001,layer_id=3...
Compiling module xil_defaultlib.NODE(node_id=5'b11010,layer_id=3...
Compiling module xil_defaultlib.NODE(node_id=5'b11011,layer_id=3...
Compiling module xil_defaultlib.NODE(node_id=5'b11100,layer_id=3...
Compiling module xil_defaultlib.NODE(node_id=5'b11101,layer_id=3...
Compiling module xil_defaultlib.NODE(node_id=5'b11110,layer_id=3...
Compiling module xil_defaultlib.NODE(node_id=5'b11111,layer_id=3...
Compiling module xil_defaultlib.ROUTER(layer_id=3'b110)
Compiling module xil_defaultlib.NODE(layer_id=3'b110)
Compiling module xil_defaultlib.NODE(node_id=5'b01,layer_id=3'b1...
Compiling module xil_defaultlib.NODE(node_id=5'b010,layer_id=3'b...
Compiling module xil_defaultlib.NODE(node_id=5'b011,layer_id=3'b...
Compiling module xil_defaultlib.NODE(node_id=5'b0100,layer_id=3'...
Compiling module xil_defaultlib.NODE(node_id=5'b0101,layer_id=3'...
Compiling module xil_defaultlib.NODE(node_id=5'b0110,layer_id=3'...
Compiling module xil_defaultlib.NODE(node_id=5'b0111,layer_id=3'...
Compiling module xil_defaultlib.NODE(node_id=5'b01000,layer_id=3...
Compiling module xil_defaultlib.NODE(node_id=5'b01001,layer_id=3...
Compiling module xil_defaultlib.NODE(node_id=5'b01010,layer_id=3...
Compiling module xil_defaultlib.NODE(node_id=5'b01011,layer_id=3...
Compiling module xil_defaultlib.NODE(node_id=5'b01100,layer_id=3...
Compiling module xil_defaultlib.NODE(node_id=5'b01101,layer_id=3...
Compiling module xil_defaultlib.NODE(node_id=5'b01110,layer_id=3...
Compiling module xil_defaultlib.NODE(node_id=5'b01111,layer_id=3...
Compiling module xil_defaultlib.NODE(node_id=5'b10000,layer_id=3...
Compiling module xil_defaultlib.NODE(node_id=5'b10001,layer_id=3...
Compiling module xil_defaultlib.NODE(node_id=5'b10010,layer_id=3...
Compiling module xil_defaultlib.NODE(node_id=5'b10011,layer_id=3...
Compiling module xil_defaultlib.NODE(node_id=5'b10100,layer_id=3...
Compiling module xil_defaultlib.NODE(node_id=5'b10101,layer_id=3...
Compiling module xil_defaultlib.NODE(node_id=5'b10110,layer_id=3...
Compiling module xil_defaultlib.NODE(node_id=5'b10111,layer_id=3...
Compiling module xil_defaultlib.NODE(node_id=5'b11000,layer_id=3...
Compiling module xil_defaultlib.NODE(node_id=5'b11001,layer_id=3...
Compiling module xil_defaultlib.NODE(node_id=5'b11010,layer_id=3...
Compiling module xil_defaultlib.NODE(node_id=5'b11011,layer_id=3...
Compiling module xil_defaultlib.NODE(node_id=5'b11100,layer_id=3...
Compiling module xil_defaultlib.NODE(node_id=5'b11101,layer_id=3...
Compiling module xil_defaultlib.NODE(node_id=5'b11110,layer_id=3...
Compiling module xil_defaultlib.NODE(node_id=5'b11111,layer_id=3...
Compiling module xil_defaultlib.ROUTER(layer_id=3'b111)
Compiling module xil_defaultlib.NODE(layer_id=3'b111)
Compiling module xil_defaultlib.NODE(node_id=5'b01,layer_id=3'b1...
Compiling module xil_defaultlib.NODE(node_id=5'b010,layer_id=3'b...
Compiling module xil_defaultlib.NODE(node_id=5'b011,layer_id=3'b...
Compiling module xil_defaultlib.NODE(node_id=5'b0100,layer_id=3'...
Compiling module xil_defaultlib.NODE(node_id=5'b0101,layer_id=3'...
Compiling module xil_defaultlib.NODE(node_id=5'b0110,layer_id=3'...
Compiling module xil_defaultlib.NODE(node_id=5'b0111,layer_id=3'...
Compiling module xil_defaultlib.NODE(node_id=5'b01000,layer_id=3...
Compiling module xil_defaultlib.NODE(node_id=5'b01001,layer_id=3...
Compiling module xil_defaultlib.NODE(node_id=5'b01010,layer_id=3...
Compiling module xil_defaultlib.NODE(node_id=5'b01011,layer_id=3...
Compiling module xil_defaultlib.NODE(node_id=5'b01100,layer_id=3...
Compiling module xil_defaultlib.NODE(node_id=5'b01101,layer_id=3...
Compiling module xil_defaultlib.NODE(node_id=5'b01110,layer_id=3...
Compiling module xil_defaultlib.NODE(node_id=5'b01111,layer_id=3...
Compiling module xil_defaultlib.NODE(node_id=5'b10000,layer_id=3...
Compiling module xil_defaultlib.NODE(node_id=5'b10001,layer_id=3...
Compiling module xil_defaultlib.NODE(node_id=5'b10010,layer_id=3...
Compiling module xil_defaultlib.NODE(node_id=5'b10011,layer_id=3...
Compiling module xil_defaultlib.NODE(node_id=5'b10100,layer_id=3...
Compiling module xil_defaultlib.NODE(node_id=5'b10101,layer_id=3...
Compiling module xil_defaultlib.NODE(node_id=5'b10110,layer_id=3...
Compiling module xil_defaultlib.NODE(node_id=5'b10111,layer_id=3...
Compiling module xil_defaultlib.NODE(node_id=5'b11000,layer_id=3...
Compiling module xil_defaultlib.NODE(node_id=5'b11001,layer_id=3...
Compiling module xil_defaultlib.NODE(node_id=5'b11010,layer_id=3...
Compiling module xil_defaultlib.NODE(node_id=5'b11011,layer_id=3...
Compiling module xil_defaultlib.NODE(node_id=5'b11100,layer_id=3...
Compiling module xil_defaultlib.NODE(node_id=5'b11101,layer_id=3...
Compiling module xil_defaultlib.NODE(node_id=5'b11110,layer_id=3...
Compiling module xil_defaultlib.NODE(node_id=5'b11111,layer_id=3...
Compiling module xil_defaultlib.CONTROLLER_default
Compiling module xil_defaultlib.testbench
Compiling module xil_defaultlib.glbl
Built simulation snapshot testbench_behav
