
*** Running vivado
    with args -log testbench.vds -m64 -product Vivado -mode batch -messageDb vivado.pb -notrace -source testbench.tcl



****** Vivado v2020.2 (64-bit)
  **** SW Build 3064766 on Wed Nov 18 09:12:45 MST 2020
  **** IP Build 3064653 on Wed Nov 18 14:17:31 MST 2020
    ** Copyright 1986-2020 Xilinx, Inc. All Rights Reserved.

source testbench.tcl -notrace
Command: synth_design -top testbench -part xczu7ev-ffvf1517-1-e
Starting synth_design
Attempting to get a license for feature 'Synthesis' and/or device 'xczu7ev'
INFO: [Common 17-349] Got license for feature 'Synthesis' and/or device 'xczu7ev'
INFO: [Device 21-403] Loading part xczu7ev-ffvf1517-1-e
INFO: [Synth 8-7079] Multithreading enabled for synth_design using a maximum of 2 processes.
INFO: [Synth 8-7078] Launching helper process for spawning children vivado processes
INFO: [Synth 8-7075] Helper process launched with PID 17764
---------------------------------------------------------------------------------
Starting RTL Elaboration : Time (s): cpu = 00:00:06 ; elapsed = 00:00:07 . Memory (MB): peak = 1486.141 ; gain = 117.602
---------------------------------------------------------------------------------
INFO: [Synth 8-6157] synthesizing module 'testbench' [C:/Users/brend/OneDrive/Documents/school/eecs570/backprop/eecs_570_final/EECS_570_final.srcs/Meeting1/linear_layer_test.sv:3]
WARNING: [Synth 8-6896] event control except as first statement of always block inside initial block, initial block items will be ignored [C:/Users/brend/OneDrive/Documents/school/eecs570/backprop/eecs_570_final/EECS_570_final.srcs/Meeting1/linear_layer_test.sv:83]
WARNING: [Synth 8-85] always block has no event control specified [C:/Users/brend/OneDrive/Documents/school/eecs570/backprop/eecs_570_final/EECS_570_final.srcs/Meeting1/linear_layer_test.sv:27]
INFO: [Synth 8-6157] synthesizing module 'CONTROLLER' [C:/Users/brend/OneDrive/Documents/school/eecs570/backprop/eecs_570_final/EECS_570_final.srcs/Meeting1/controller.sv:3]
INFO: [Synth 8-6157] synthesizing module 'ROUTER' [C:/Users/brend/OneDrive/Documents/school/eecs570/backprop/eecs_570_final/EECS_570_final.srcs/Meeting1/router.sv:2]
	Parameter layer_id bound to: 3'b000 
	Parameter buffer_size bound to: 512 - type: integer 
	Parameter buffer_bits bound to: 9 - type: integer 
INFO: [Synth 8-6157] synthesizing module 'priority_selector' [C:/Users/brend/OneDrive/Documents/school/eecs570/backprop/eecs_570_final/EECS_570_final.srcs/Meeting1/ps.sv:11]
	Parameter REQS bound to: 1 - type: integer 
	Parameter WIDTH bound to: 32 - type: integer 
INFO: [Synth 8-6157] synthesizing module 'wand_sel' [C:/Users/brend/OneDrive/Documents/school/eecs570/backprop/eecs_570_final/EECS_570_final.srcs/Meeting1/wand_sel.sv:5]
	Parameter WIDTH bound to: 32 - type: integer 
INFO: [Synth 8-6155] done synthesizing module 'wand_sel' (1#1) [C:/Users/brend/OneDrive/Documents/school/eecs570/backprop/eecs_570_final/EECS_570_final.srcs/Meeting1/wand_sel.sv:5]
INFO: [Synth 8-6155] done synthesizing module 'priority_selector' (2#1) [C:/Users/brend/OneDrive/Documents/school/eecs570/backprop/eecs_570_final/EECS_570_final.srcs/Meeting1/ps.sv:11]
WARNING: [Synth 8-7071] port 'gnt' of module 'priority_selector' is unconnected for instance 'forward_sel' [C:/Users/brend/OneDrive/Documents/school/eecs570/backprop/eecs_570_final/EECS_570_final.srcs/Meeting1/router.sv:119]
WARNING: [Synth 8-7071] port 'empty' of module 'priority_selector' is unconnected for instance 'forward_sel' [C:/Users/brend/OneDrive/Documents/school/eecs570/backprop/eecs_570_final/EECS_570_final.srcs/Meeting1/router.sv:119]
WARNING: [Synth 8-7023] instance 'forward_sel' of module 'priority_selector' has 4 connections declared, but only 2 given [C:/Users/brend/OneDrive/Documents/school/eecs570/backprop/eecs_570_final/EECS_570_final.srcs/Meeting1/router.sv:119]
WARNING: [Synth 8-7071] port 'gnt' of module 'priority_selector' is unconnected for instance 'backwards_sel' [C:/Users/brend/OneDrive/Documents/school/eecs570/backprop/eecs_570_final/EECS_570_final.srcs/Meeting1/router.sv:139]
WARNING: [Synth 8-7071] port 'empty' of module 'priority_selector' is unconnected for instance 'backwards_sel' [C:/Users/brend/OneDrive/Documents/school/eecs570/backprop/eecs_570_final/EECS_570_final.srcs/Meeting1/router.sv:139]
WARNING: [Synth 8-7023] instance 'backwards_sel' of module 'priority_selector' has 4 connections declared, but only 2 given [C:/Users/brend/OneDrive/Documents/school/eecs570/backprop/eecs_570_final/EECS_570_final.srcs/Meeting1/router.sv:139]
